[    0.000000] Linux version 4.15.0-96-generic (buildd@lgw01-amd64-004) (gcc version 7.5.0 (Ubuntu 7.5.0-3ubuntu1~18.04)) #97-Ubuntu SMP Wed Apr 1 03:25:46 UTC 2020 (Ubuntu 4.15.0-96.97-generic 4.15.18)
[    0.000000] Command line: BOOT_IMAGE=/boot/vmlinuz-4.15.0-96-generic root=LABEL=cloudimg-rootfs ro console=tty1 console=ttyS0
[    0.000000] KERNEL supported cpus:
[    0.000000]   Intel GenuineIntel
[    0.000000]   AMD AuthenticAMD
[    0.000000]   Centaur CentaurHauls
[    0.000000] x86/fpu: Supporting XSAVE feature 0x001: 'x87 floating point registers'
[    0.000000] x86/fpu: Supporting XSAVE feature 0x002: 'SSE registers'
[    0.000000] x86/fpu: Supporting XSAVE feature 0x004: 'AVX registers'
[    0.000000] x86/fpu: xstate_offset[2]:  576, xstate_sizes[2]:  256
[    0.000000] x86/fpu: Enabled xstate features 0x7, context size is 832 bytes, using 'standard' format.
[    0.000000] e820: BIOS-provided physical RAM map:
[    0.000000] BIOS-e820: [mem 0x0000000000000000-0x000000000009fbff] usable
[    0.000000] BIOS-e820: [mem 0x000000000009fc00-0x000000000009ffff] reserved
[    0.000000] BIOS-e820: [mem 0x00000000000f0000-0x00000000000fffff] reserved
[    0.000000] BIOS-e820: [mem 0x0000000000100000-0x000000001ffeffff] usable
[    0.000000] BIOS-e820: [mem 0x000000001fff0000-0x000000001fffffff] ACPI data
[    0.000000] BIOS-e820: [mem 0x00000000fec00000-0x00000000fec00fff] reserved
[    0.000000] BIOS-e820: [mem 0x00000000fee00000-0x00000000fee00fff] reserved
[    0.000000] BIOS-e820: [mem 0x00000000fffc0000-0x00000000ffffffff] reserved
[    0.000000] NX (Execute Disable) protection: active
[    0.000000] SMBIOS 2.5 present.
[    0.000000] DMI: innotek GmbH VirtualBox/VirtualBox, BIOS VirtualBox 12/01/2006
[    0.000000] Hypervisor detected: KVM
[    0.000000] e820: last_pfn = 0x1fff0 max_arch_pfn = 0x400000000
[    0.000000] MTRR: Disabled
[    0.000000] x86/PAT: MTRRs disabled, skipping PAT initialization too.
[    0.000000] CPU MTRRs all blank - virtualized system.
[    0.000000] x86/PAT: Configuration [0-7]: WB  WT  UC- UC  WB  WT  UC- UC  
[    0.000000] found SMP MP-table at [mem 0x0009fff0-0x0009ffff]
[    0.000000] Scanning 1 areas for low memory corruption
[    0.000000] RAMDISK: [mem 0x1dc33000-0x1eef4fff]
[    0.000000] ACPI: Early table checksum verification disabled
[    0.000000] ACPI: RSDP 0x00000000000E0000 000024 (v02 VBOX  )
[    0.000000] ACPI: XSDT 0x000000001FFF0030 00003C (v01 VBOX   VBOXXSDT 00000001 ASL  00000061)
[    0.000000] ACPI: FACP 0x000000001FFF00F0 0000F4 (v04 VBOX   VBOXFACP 00000001 ASL  00000061)
[    0.000000] ACPI: DSDT 0x000000001FFF0470 0022EA (v02 VBOX   VBOXBIOS 00000002 INTL 20100528)
[    0.000000] ACPI: FACS 0x000000001FFF0200 000040
[    0.000000] ACPI: FACS 0x000000001FFF0200 000040
[    0.000000] ACPI: APIC 0x000000001FFF0240 000054 (v02 VBOX   VBOXAPIC 00000001 ASL  00000061)
[    0.000000] ACPI: SSDT 0x000000001FFF02A0 0001CC (v01 VBOX   VBOXCPUT 00000002 INTL 20100528)
[    0.000000] No NUMA configuration found
[    0.000000] Faking a node at [mem 0x0000000000000000-0x000000001ffeffff]
[    0.000000] NODE_DATA(0) allocated [mem 0x1ffc5000-0x1ffeffff]
[    0.000000] kvm-clock: cpu 0, msr 0:1ff44001, primary cpu clock
[    0.000000] kvm-clock: Using msrs 4b564d01 and 4b564d00
[    0.000000] kvm-clock: using sched offset of 3330532252 cycles
[    0.000000] clocksource: kvm-clock: mask: 0xffffffffffffffff max_cycles: 0x1cd42e4dffb, max_idle_ns: 881590591483 ns
[    0.000000] Zone ranges:
[    0.000000]   DMA      [mem 0x0000000000001000-0x0000000000ffffff]
[    0.000000]   DMA32    [mem 0x0000000001000000-0x000000001ffeffff]
[    0.000000]   Normal   empty
[    0.000000]   Device   empty
[    0.000000] Movable zone start for each node
[    0.000000] Early memory node ranges
[    0.000000]   node   0: [mem 0x0000000000001000-0x000000000009efff]
[    0.000000]   node   0: [mem 0x0000000000100000-0x000000001ffeffff]
[    0.000000] Reserved but unavailable: 98 pages
[    0.000000] Initmem setup node 0 [mem 0x0000000000001000-0x000000001ffeffff]
[    0.000000] ACPI: PM-Timer IO Port: 0x4008
[    0.000000] IOAPIC[0]: apic_id 1, version 32, address 0xfec00000, GSI 0-23
[    0.000000] ACPI: INT_SRC_OVR (bus 0 bus_irq 0 global_irq 2 dfl dfl)
[    0.000000] ACPI: INT_SRC_OVR (bus 0 bus_irq 9 global_irq 9 low level)
[    0.000000] Using ACPI (MADT) for SMP configuration information
[    0.000000] smpboot: Allowing 1 CPUs, 0 hotplug CPUs
[    0.000000] PM: Registered nosave memory: [mem 0x00000000-0x00000fff]
[    0.000000] PM: Registered nosave memory: [mem 0x0009f000-0x0009ffff]
[    0.000000] PM: Registered nosave memory: [mem 0x000a0000-0x000effff]
[    0.000000] PM: Registered nosave memory: [mem 0x000f0000-0x000fffff]
[    0.000000] e820: [mem 0x20000000-0xfebfffff] available for PCI devices
[    0.000000] Booting paravirtualized kernel on KVM
[    0.000000] clocksource: refined-jiffies: mask: 0xffffffff max_cycles: 0xffffffff, max_idle_ns: 7645519600211568 ns
[    0.000000] random: get_random_bytes called from start_kernel+0x99/0x4fd with crng_init=0
[    0.000000] setup_percpu: NR_CPUS:8192 nr_cpumask_bits:1 nr_cpu_ids:1 nr_node_ids:1
[    0.000000] percpu: Embedded 45 pages/cpu s147456 r8192 d28672 u2097152
[    0.000000] PV qspinlock hash table entries: 256 (order: 0, 4096 bytes)
[    0.000000] Built 1 zonelists, mobility grouping on.  Total pages: 128889
[    0.000000] Policy zone: DMA32
[    0.000000] Kernel command line: BOOT_IMAGE=/boot/vmlinuz-4.15.0-96-generic root=LABEL=cloudimg-rootfs ro console=tty1 console=ttyS0
[    0.000000] Memory: 467144K/523832K available (12300K kernel code, 2481K rwdata, 4264K rodata, 2432K init, 2712K bss, 56688K reserved, 0K cma-reserved)
[    0.000000] SLUB: HWalign=64, Order=0-3, MinObjects=0, CPUs=1, Nodes=1
[    0.000000] Kernel/User page tables isolation: enabled
[    0.000000] ftrace: allocating 39351 entries in 154 pages
[    0.004000] Hierarchical RCU implementation.
[    0.004000] 	RCU restricting CPUs from NR_CPUS=8192 to nr_cpu_ids=1.
[    0.004000] 	Tasks RCU enabled.
[    0.004000] RCU: Adjusting geometry for rcu_fanout_leaf=16, nr_cpu_ids=1
[    0.004000] NR_IRQS: 524544, nr_irqs: 256, preallocated irqs: 16
[    0.004000] Console: colour VGA+ 80x25
[    0.004000] console [tty1] enabled
[    0.004000] console [ttyS0] enabled
[    0.004000] ACPI: Core revision 20170831
[    0.004000] ACPI: 2 ACPI AML tables successfully acquired and loaded
[    0.004000] APIC: Switch to symmetric I/O mode setup
[    0.004000] x2apic enabled
[    0.004000] Switched APIC routing to physical x2apic.
[    0.004000] ..TIMER: vector=0x30 apic1=0 pin1=2 apic2=-1 pin2=-1
[    0.004000] tsc: Detected 2903.998 MHz processor
[    0.004007] Calibrating delay loop (skipped) preset value.. 5807.99 BogoMIPS (lpj=11615992)
[    0.005037] pid_max: default: 32768 minimum: 301
[    0.005741] Security Framework initialized
[    0.006339] Yama: becoming mindful.
[    0.006869] AppArmor: AppArmor initialized
[    0.007524] Dentry cache hash table entries: 65536 (order: 7, 524288 bytes)
[    0.008027] Inode-cache hash table entries: 32768 (order: 6, 262144 bytes)
[    0.009024] Mount-cache hash table entries: 1024 (order: 1, 8192 bytes)
[    0.009989] Mountpoint-cache hash table entries: 1024 (order: 1, 8192 bytes)
[    0.012176] process: using mwait in idle threads
[    0.012748] Last level iTLB entries: 4KB 64, 2MB 8, 4MB 8
[    0.013491] Last level dTLB entries: 4KB 64, 2MB 0, 4MB 0, 1GB 4
[    0.014199] Spectre V1 : Mitigation: usercopy/swapgs barriers and __user pointer sanitization
[    0.015210] Spectre V2 : Mitigation: Full generic retpoline
[    0.016001] Spectre V2 : Spectre v2 / SpectreRSB mitigation: Filling RSB on context switch
[    0.017070] Speculative Store Bypass: Vulnerable
[    0.017691] MDS: Mitigation: Clear CPU buffers
[    0.028085] Freeing SMP alternatives memory: 36K
[    0.138334] smpboot: CPU0: Intel(R) Core(TM) i9-8950HK CPU @ 2.90GHz (family: 0x6, model: 0x9e, stepping: 0xa)
[    0.139768] Performance Events: unsupported p6 CPU model 158 no PMU driver, software events only.
[    0.140000] Hierarchical SRCU implementation.
[    0.140000] NMI watchdog: Perf event create on CPU 0 failed with -2
[    0.140001] NMI watchdog: Perf NMI watchdog permanently disabled
[    0.140875] smp: Bringing up secondary CPUs ...
[    0.141474] smp: Brought up 1 node, 1 CPU
[    0.142062] smpboot: Max logical packages: 1
[    0.144001] smpboot: Total of 1 processors activated (5807.99 BogoMIPS)
[    0.145051] devtmpfs: initialized
[    0.145508] x86/mm: Memory block size: 128MB
[    0.146290] evm: security.selinux
[    0.146959] evm: security.SMACK64
[    0.147494] evm: security.SMACK64EXEC
[    0.148003] evm: security.SMACK64TRANSMUTE
[    0.148763] evm: security.SMACK64MMAP
[    0.149266] evm: security.apparmor
[    0.149945] evm: security.ima
[    0.150400] evm: security.capability
[    0.151327] clocksource: jiffies: mask: 0xffffffff max_cycles: 0xffffffff, max_idle_ns: 7645041785100000 ns
[    0.152007] futex hash table entries: 256 (order: 2, 16384 bytes)
[    0.153048] pinctrl core: initialized pinctrl subsystem
[    0.156072] RTC time: 23:38:38, date: 04/09/20
[    0.156808] NET: Registered protocol family 16
[    0.158254] audit: initializing netlink subsys (disabled)
[    0.159550] cpuidle: using governor ladder
[    0.160000] cpuidle: using governor menu
[    0.160027] ACPI: bus type PCI registered
[    0.160565] acpiphp: ACPI Hot Plug PCI Controller Driver version: 0.5
[    0.161503] PCI: Using configuration type 1 for base access
[    0.162265] audit: type=2000 audit(1586475523.668:1): state=initialized audit_enabled=0 res=1
[    0.164155] HugeTLB registered 2.00 MiB page size, pre-allocated 0 pages
[    0.165111] ACPI: Added _OSI(Module Device)
[    0.165616] ACPI: Added _OSI(Processor Device)
[    0.166369] ACPI: Added _OSI(3.0 _SCP Extensions)
[    0.166985] ACPI: Added _OSI(Processor Aggregator Device)
[    0.168007] ACPI: Added _OSI(Linux-Dell-Video)
[    0.168542] ACPI: Added _OSI(Linux-Lenovo-NV-HDMI-Audio)
[    0.169564] ACPI: Added _OSI(Linux-HPI-Hybrid-Graphics)
[    0.170679] ACPI: Executed 1 blocks of module-level executable AML code
[    0.174104] ACPI: Interpreter enabled
[    0.174924] ACPI: (supports S0 S5)
[    0.175344] ACPI: Using IOAPIC for interrupt routing
[    0.176144] PCI: Using host bridge windows from ACPI; if necessary, use "pci=nocrs" and report a bug
[    0.177739] ACPI: Enabled 2 GPEs in block 00 to 07
[    0.183710] ACPI: PCI Root Bridge [PCI0] (domain 0000 [bus 00-ff])
[    0.184005] acpi PNP0A03:00: _OSC: OS supports [ASPM ClockPM Segments MSI]
[    0.185293] acpi PNP0A03:00: _OSC: not requesting OS control; OS requires [ExtendedConfig ASPM ClockPM MSI]
[    0.186526] acpi PNP0A03:00: fail to add MMCONFIG information, can't access extended PCI configuration space under this bridge.
[    0.188243] PCI host bridge to bus 0000:00
[    0.188884] pci_bus 0000:00: root bus resource [io  0x0000-0x0cf7 window]
[    0.189655] pci_bus 0000:00: root bus resource [io  0x0d00-0xffff window]
[    0.190471] pci_bus 0000:00: root bus resource [mem 0x000a0000-0x000bffff window]
[    0.192002] pci_bus 0000:00: root bus resource [mem 0x20000000-0xfdffffff window]
[    0.193287] pci_bus 0000:00: root bus resource [bus 00-ff]
[    0.195431] pci 0000:00:01.1: legacy IDE quirk: reg 0x10: [io  0x01f0-0x01f7]
[    0.196002] pci 0000:00:01.1: legacy IDE quirk: reg 0x14: [io  0x03f6]
[    0.196745] pci 0000:00:01.1: legacy IDE quirk: reg 0x18: [io  0x0170-0x0177]
[    0.197580] pci 0000:00:01.1: legacy IDE quirk: reg 0x1c: [io  0x0376]
[    0.205680] pci 0000:00:07.0: quirk: [io  0x4000-0x403f] claimed by PIIX4 ACPI
[    0.207063] pci 0000:00:07.0: quirk: [io  0x4100-0x410f] claimed by PIIX4 SMB
[    0.212280] ACPI: PCI Interrupt Link [LNKA] (IRQs 5 9 10 *11)
[    0.213259] ACPI: PCI Interrupt Link [LNKB] (IRQs 5 9 *10 11)
[    0.214267] ACPI: PCI Interrupt Link [LNKC] (IRQs 5 *9 10 11)
[    0.215336] ACPI: PCI Interrupt Link [LNKD] (IRQs 5 9 10 *11)
[    0.216257] SCSI subsystem initialized
[    0.216890] pci 0000:00:02.0: vgaarb: setting as boot VGA device
[    0.217738] pci 0000:00:02.0: vgaarb: VGA device added: decodes=io+mem,owns=io+mem,locks=none
[    0.219076] pci 0000:00:02.0: vgaarb: bridge control possible
[    0.220001] vgaarb: loaded
[    0.220497] ACPI: bus type USB registered
[    0.221084] usbcore: registered new interface driver usbfs
[    0.221843] usbcore: registered new interface driver hub
[    0.222602] usbcore: registered new device driver usb
[    0.223359] EDAC MC: Ver: 3.0.0
[    0.224251] PCI: Using ACPI for IRQ routing
[    0.225056] NetLabel: Initializing
[    0.225649] NetLabel:  domain hash size = 128
[    0.226218] NetLabel:  protocols = UNLABELED CIPSOv4 CALIPSO
[    0.226988] NetLabel:  unlabeled traffic allowed by default
[    0.228064] clocksource: Switched to clocksource kvm-clock
[    0.238121] VFS: Disk quotas dquot_6.6.0
[    0.239361] VFS: Dquot-cache hash table entries: 512 (order 0, 4096 bytes)
[    0.240512] AppArmor: AppArmor Filesystem Enabled
[    0.241404] pnp: PnP ACPI init
[    0.242862] pnp: PnP ACPI: found 3 devices
[    0.248579] clocksource: acpi_pm: mask: 0xffffff max_cycles: 0xffffff, max_idle_ns: 2085701024 ns
[    0.249866] NET: Registered protocol family 2
[    0.250600] TCP established hash table entries: 4096 (order: 3, 32768 bytes)
[    0.251754] TCP bind hash table entries: 4096 (order: 4, 65536 bytes)
[    0.252931] TCP: Hash tables configured (established 4096 bind 4096)
[    0.253862] UDP hash table entries: 256 (order: 1, 8192 bytes)
[    0.254640] UDP-Lite hash table entries: 256 (order: 1, 8192 bytes)
[    0.255613] NET: Registered protocol family 1
[    0.256365] pci 0000:00:00.0: Limiting direct PCI/PCI transfers
[    0.257357] pci 0000:00:01.0: Activating ISA DMA hang workarounds
[    0.258575] pci 0000:00:02.0: Video device with shadowed ROM at [mem 0x000c0000-0x000dffff]
[    0.259918] Unpacking initramfs...
[    0.478199] Freeing initrd memory: 19208K
[    0.479752] clocksource: tsc: mask: 0xffffffffffffffff max_cycles: 0x29dc03c1beb, max_idle_ns: 440795205215 ns
[    0.481484] platform rtc_cmos: registered platform RTC device (no PNP device found)
[    0.482618] Scanning for low memory corruption every 60 seconds
[    0.483686] Initialise system trusted keyrings
[    0.484519] Key type blacklist registered
[    0.485083] workingset: timestamp_bits=36 max_order=17 bucket_order=0
[    0.486615] zbud: loaded
[    0.487262] squashfs: version 4.0 (2009/01/31) Phillip Lougher
[    0.488134] fuse init (API version 7.26)
[    0.489453] Key type asymmetric registered
[    0.490037] Asymmetric key parser 'x509' registered
[    0.490839] Block layer SCSI generic (bsg) driver version 0.4 loaded (major 246)
[    0.492041] io scheduler noop registered
[    0.492535] io scheduler deadline registered
[    0.493083] io scheduler cfq registered (default)
[    0.494001] ACPI: AC Adapter [AC] (off-line)
[    0.494695] input: Power Button as /devices/LNXSYSTM:00/LNXPWRBN:00/input/input0
[    0.495921] ACPI: Power Button [PWRF]
[    0.496686] input: Sleep Button as /devices/LNXSYSTM:00/LNXSLPBN:00/input/input1
[    0.497852] ACPI: Sleep Button [SLPF]
[    0.499212] ACPI: Battery Slot [BAT0] (battery present)
[    0.500153] Serial: 8250/16550 driver, 32 ports, IRQ sharing enabled
[    0.522169] 00:02: ttyS0 at I/O 0x3f8 (irq = 4, base_baud = 115200) is a 16550A
[    0.525039] Linux agpgart interface v0.103
[    0.526285] loop: module loaded
[    0.527016] scsi host0: ata_piix
[    0.527551] scsi host1: ata_piix
[    0.528019] ata1: PATA max UDMA/33 cmd 0x1f0 ctl 0x3f6 bmdma 0xd000 irq 14
[    0.529104] ata2: PATA max UDMA/33 cmd 0x170 ctl 0x376 bmdma 0xd008 irq 15
[    0.530385] libphy: Fixed MDIO Bus: probed
[    0.530982] tun: Universal TUN/TAP device driver, 1.6
[    0.531760] PPP generic driver version 2.4.2
[    0.532453] ehci_hcd: USB 2.0 'Enhanced' Host Controller (EHCI) Driver
[    0.533638] ehci-pci: EHCI PCI platform driver
[    0.534282] ehci-platform: EHCI generic platform driver
[    0.535195] ohci_hcd: USB 1.1 'Open' Host Controller (OHCI) Driver
[    0.536146] ohci-pci: OHCI PCI platform driver
[    0.536845] ohci-platform: OHCI generic platform driver
[    0.537721] uhci_hcd: USB Universal Host Controller Interface driver
[    0.538898] i8042: PNP: PS/2 Controller [PNP0303:PS2K,PNP0f03:PS2M] at 0x60,0x64 irq 1,12
[    0.540275] serio: i8042 KBD port at 0x60,0x64 irq 1
[    0.541506] serio: i8042 AUX port at 0x60,0x64 irq 12
[    0.542226] mousedev: PS/2 mouse device common for all mice
[    0.543079] input: AT Translated Set 2 keyboard as /devices/platform/i8042/serio0/input/input2
[    0.544398] rtc_cmos rtc_cmos: rtc core: registered rtc_cmos as rtc0
[    0.545291] rtc_cmos rtc_cmos: alarms up to one day, 114 bytes nvram
[    0.546293] i2c /dev entries driver
[    0.546797] device-mapper: uevent: version 1.0.3
[    0.547426] device-mapper: ioctl: 4.37.0-ioctl (2017-09-20) initialised: dm-devel@redhat.com
[    0.548688] ledtrig-cpu: registered to indicate activity on CPUs
[    0.549589] intel_pmc_core:  initialized
[    0.550316] NET: Registered protocol family 10
[    0.552972] Segment Routing with IPv6
[    0.553482] NET: Registered protocol family 17
[    0.554166] Key type dns_resolver registered
[    0.554892] mce: Using 0 MCE banks
[    0.555410] RAS: Correctable Errors collector initialized.
[    0.556216] sched_clock: Marking stable (556202670, 0)->(657644491, -101441821)
[    0.557389] registered taskstats version 1
[    0.557961] Loading compiled-in X.509 certificates
[    0.560011] Loaded X.509 cert 'Build time autogenerated kernel key: 244b473b43e18b01f00e37a87f2ecd28620f0244'
[    0.561646] zswap: loaded using pool lzo/zbud
[    0.564030] Key type big_key registered
[    0.564709] Key type trusted registered
[    0.566110] Key type encrypted registered
[    0.566742] AppArmor: AppArmor sha1 policy hashing enabled
[    0.567492] ima: No TPM chip found, activating TPM-bypass! (rc=-19)
[    0.568775] ima: Allocated hash algorithm: sha1
[    0.569371] evm: HMAC attrs: 0x1
[    0.570074]   Magic number: 0:685:655
[    0.570587] rtc_cmos rtc_cmos: setting system clock to 2020-04-09 23:38:39 UTC (1586475519)
[    0.571911] BIOS EDD facility v0.16 2004-Jun-25, 0 devices found
[    0.572715] EDD information not available.
[    0.691500] Freeing unused kernel image memory: 2432K
[    0.700589] Write protecting the kernel read-only data: 20480k
[    0.703080] Freeing unused kernel image memory: 2008K
[    0.704500] Freeing unused kernel image memory: 1880K
[    0.711954] x86/mm: Checked W+X mappings: passed, no W+X pages found.
[    0.713335] x86/mm: Checking user space page tables
[    0.720916] x86/mm: Checked W+X mappings: passed, no W+X pages found.
Loading, please wait...
starting version 237
[    0.803560] e1000: Intel(R) PRO/1000 Network Driver - version 7.3.21-k8-NAPI
[    0.804953] e1000: Copyright (c) 1999-2006 Intel Corporation.
[    0.814560] Fusion MPT base driver 3.04.20
[    0.815296] Copyright (c) 1999-2008 LSI Corporation
[    0.831326] AVX2 version of gcm_enc/dec engaged.
[    0.832006] AES CTR mode by8 optimization enabled
[    0.834714] Fusion MPT SPI Host driver 3.04.20
[    1.019496] input: ImExPS/2 Generic Explorer Mouse as /devices/platform/i8042/serio1/input/input4
[    1.193231] e1000 0000:00:03.0 eth0: (PCI:33MHz:32-bit) 02:43:0e:00:05:fc
[    1.194537] e1000 0000:00:03.0 eth0: Intel(R) PRO/1000 Network Connection
[    1.196849] mptbase: ioc0: Initiating bringup
[    1.292329] ioc0: LSI53C1030 A0: Capabilities={Initiator}
[    1.533872] scsi host2: ioc0: LSI53C1030 A0, FwRev=00000000h, Ports=1, MaxQ=256, IRQ=20
[    1.700975] scsi 2:0:0:0: Direct-Access     VBOX     HARDDISK         1.0  PQ: 0 ANSI: 5
[    1.703019] scsi target2:0:0: Beginning Domain Validation
[    1.707049] scsi target2:0:0: Domain Validation skipping write tests
[    1.708324] scsi target2:0:0: Ending Domain Validation
[    1.709608] scsi target2:0:0: asynchronous
[    1.710671] random: fast init done
[    1.711519] scsi 2:0:1:0: Direct-Access     VBOX     HARDDISK         1.0  PQ: 0 ANSI: 5
[    1.713487] scsi target2:0:1: Beginning Domain Validation
[    1.715965] scsi target2:0:1: Domain Validation skipping write tests
[    1.717289] scsi target2:0:1: Ending Domain Validation
[    1.718620] scsi target2:0:1: asynchronous
[    1.723209] random: systemd-udevd: uninitialized urandom read (16 bytes read)
[    1.725011] random: systemd-udevd: uninitialized urandom read (16 bytes read)
[    1.726663] random: systemd-udevd: uninitialized urandom read (16 bytes read)
[    1.728235] sd 2:0:0:0: Attached scsi generic sg0 type 0
[    1.729821] sd 2:0:1:0: Attached scsi generic sg1 type 0
[    1.730878] sd 2:0:0:0: [sda] 20971520 512-byte logical blocks: (10.7 GB/10.0 GiB)
[    1.732440] sd 2:0:0:0: [sda] Write Protect is off
[    1.733558] sd 2:0:1:0: [sdb] 20480 512-byte logical blocks: (10.5 MB/10.0 MiB)
[    1.735206] sd 2:0:1:0: [sdb] Write Protect is off
[    1.736154] sd 2:0:0:0: [sda] Incomplete mode parameter data
[    1.737358] sd 2:0:0:0: [sda] Assuming drive cache: write through
[    1.738712] sd 2:0:1:0: [sdb] Incomplete mode parameter data
[    1.739993] sd 2:0:1:0: [sdb] Assuming drive cache: write through
[    1.746704]  sda: sda1
[    1.748463] sd 2:0:0:0: [sda] Attached SCSI disk
[    1.754000] sd 2:0:1:0: [sdb] Attached SCSI disk
[    2.081104] e1000 0000:00:08.0 eth1: (PCI:33MHz:32-bit) 08:00:27:87:ae:31
[    2.082527] e1000 0000:00:08.0 eth1: Intel(R) PRO/1000 Network Connection
[    2.084927] e1000 0000:00:08.0 enp0s8: renamed from eth1
[    2.087669] e1000 0000:00:03.0 enp0s3: renamed from eth0
Begin: Loading essential drivers ... [    3.412081] raid6: sse2x1   gen() 12971 MB/s
[    3.460423] raid6: sse2x1   xor() 10182 MB/s
[    3.509384] raid6: sse2x2   gen() 17756 MB/s
[    3.561331] raid6: sse2x2   xor() 12763 MB/s
[    3.611172] raid6: sse2x4   gen() 18029 MB/s
[    3.657572] raid6: sse2x4   xor() 12289 MB/s
[    3.704477] raid6: avx2x1   gen() 27318 MB/s
[    3.754636] raid6: avx2x1   xor() 21727 MB/s
[    3.800688] raid6: avx2x2   gen() 33716 MB/s
[    3.851137] raid6: avx2x2   xor() 22936 MB/s
[    3.897535] raid6: avx2x4   gen() 38977 MB/s
[    3.944104] raid6: avx2x4   xor() 23514 MB/s
[    3.945043] raid6: using algorithm avx2x4 gen() 38977 MB/s
[    3.946001] raid6: .... xor() 23514 MB/s, rmw enabled
[    3.946697] raid6: using avx2x2 recovery algorithm
[    3.948771] xor: automatically using best checksumming function   avx       
[    3.950983] async_tx: api initialized (async)
done.
Begin: Running /scripts/init-premount ... done.
Begin: Mounting root file system ... Begin: Running /scripts/local-top ... done.
Begin: Running /scripts/local-premount ... [    3.996453] Btrfs loaded, crc32c=crc32c-intel
Scanning for Btrfs filesystems
done.
Warning: fsck not present, so skipping root file system
[    4.017397] EXT4-fs (sda1): mounted filesystem with ordered data mode. Opts: (null)
done.
Begin: Running /scripts/local-bottom ... done.
Begin: Running /scripts/init-bottom ... done.
[    4.117074] ip_tables: (C) 2000-2006 Netfilter Core Team
[    4.122769] systemd[1]: systemd 237 running in system mode. (+PAM +AUDIT +SELINUX +IMA +APPARMOR +SMACK +SYSVINIT +UTMP +LIBCRYPTSETUP +GCRYPT +GNUTLS +ACL +XZ +LZ4 +SECCOMP +BLKID +ELFUTILS +KMOD -IDN2 +IDN -PCRE2 default-hierarchy=hybrid)
[    4.125637] systemd[1]: Detected virtualization oracle.
[    4.126287] systemd[1]: Detected architecture x86-64.

Welcome to [1mUbuntu 18.04.4 LTS[0m!

[    4.128722] systemd[1]: Set hostname to <ubuntu>.
[    4.131215] systemd[1]: Initializing machine ID from random generator.
[    4.132263] systemd[1]: Installed transient /etc/machine-id file.
[    4.301396] systemd[1]: Reached target System Time Synchronized.
[[0;32m  OK  [0m] Reached target System Time Synchronized.
[    4.303418] systemd[1]: Reached target Swap.
[[0;32m  OK  [0m] Reached target Swap.
[    4.304852] systemd[1]: Started Forward Password Requests to Wall Directory Watch.
[[0;32m  OK  [0m] Started Forward Password Requests to Wall Directory Watch.
[    4.307136] systemd[1]: Set up automount Arbitrary Executable File Formats File System Automount Point.
[[0;32m  OK  [0m] Set up automount Arbitrary Executab…rmats File System Automount Point.
[[0;32m  OK  [0m] Created slice System Slice.
[[0;32m  OK  [0m] Listening on Device-mapper event daemon FIFOs.
[[0;32m  OK  [0m] Listening on /dev/initctl Compatibility Named Pipe.
[[0;32m  OK  [0m] Listening on udev Control Socket.
[[0;32m  OK  [0m] Listening on LVM2 metadata daemon socket.
[[0;32m  OK  [0m] Listening on Syslog Socket.
[[0;32m  OK  [0m] Listening on udev Kernel Socket.
[[0;32m  OK  [0m] Listening on Journal Audit Socket.
[[0;32m  OK  [0m] Listening on Journal Socket (/dev/log).
[[0;32m  OK  [0m] Listening on Network Service Netlink Socket.
[[0;32m  OK  [0m] Created slice User and Session Slice.
[[0;32m  OK  [0m] Reached target Slices.
[[0;32m  OK  [0m] Created slice system-serial\x2dgetty.slice.
[[0;32m  OK  [0m] Listening on Journal Socket.
         Mounting Huge Pages File System...
         Starting Create list of required st…ce nodes for the current kernel...
         Mounting POSIX Message Queue File System...
         Starting Monitoring of LVM2 mirrors…ng dmeventd or progress polling...
         Starting Uncomplicated firewall...
         Mounting Kernel Debug File System...
         Starting udev Coldplug all Devices...
         Starting Remount Root and Kernel File Systems...
         Starting Load Kernel Modules...
         Starting Journal Service...
[[0;32m  OK  [0m] Listening on LVM2 poll daemon socket.
[    4.447119] Loading iSCSI transport class v2.0-870.
         Starting Set the console keyboard layout...
[[0;32m  OK  [0m] Reached target User and Group Name Lookups.
[    4.455772] iscsi: registered transport (tcp)
[[0;32m  OK  [0m] Mounted Huge Pages File System.
[[0;32m  OK  [0m] Started Create list of required sta…vice nodes for the current kernel.
[    4.468931] iscsi: registered transport (iser)
[    4.470328] EXT4-fs (sda1): re-mounted. Opts: (null)
[[0;32m  OK  [0m] Mounted POSIX Message Queue File System.
[[0;32m  OK  [0m] Started Uncomplicated firewall.
[[0;32m  OK  [0m] Started Journal Service.
[[0;32m  OK  [0m] Mounted Kernel Debug File System.
[[0;32m  OK  [0m] Started Remount Root and Kernel File Systems.
[[0;32m  OK  [0m] Started Load Kernel Modules.
[[0;32m  OK  [0m] Started LVM2 metadata daemon.
         Mounting Kernel Configuration File System...
         Starting Apply Kernel Variables...
         Mounting FUSE Control File System...
         Starting Load/Save Random Seed...
         Starting Flush Journal to Persistent Storage...
         Starting Create Static Device Nodes in /dev...
[[0;32m  OK  [0m] Mounted Kernel Configuration File System.
[[0;32m  OK  [0m] Mounted FUSE Control File System.
[    4.539424] systemd-journald[400]: Received request to flush runtime journal from PID 1
[[0;32m  OK  [0m] Started udev Coldplug all Devices.
[[0;32m  OK  [0m] Started Create Static Device Nodes in /dev.
[[0;32m  OK  [0m] Started Load/Save Random Seed.
[[0;32m  OK  [0m] Started Apply Kernel Variables.
         Starting udev Kernel Device Manager...
[[0;32m  OK  [0m] Started Flush Journal to Persistent Storage.
[[0;32m  OK  [0m] Started Monitoring of LVM2 mirrors,…sing dmeventd or progress polling.
[[0;32m  OK  [0m] Started udev Kernel Device Manager.
[[0;32m  OK  [0m] Started Set the console keyboard layout.
[[0;32m  OK  [0m] Started Dispatch Password Requests to Console Directory Watch.
[[0;32m  OK  [0m] Reached target Local Encrypted Volumes.
[[0;32m  OK  [0m] Reached target Local File Systems (Pre).
[[0;32m  OK  [0m] Reached target Local File Systems.
         Starting Create Volatile Files and Directories...
         Starting ebtables ruleset management...
         Starting AppArmor initialization...
         Starting Set console font and keymap...
         Starting Tell Plymouth To Write Out Runtime Data...
         Starting Commit a transient machine-id on disk...
[[0;32m  OK  [0m] Started Create Volatile Files and Directories.
         Starting Update UTMP about System Boot/Shutdown...
[[0;32m  OK  [0m] Started Set console font and keymap.
[[0;32m  OK  [0m] Started Tell Plymouth To Write Out Runtime Data.
[[0;32m  OK  [0m] Started Commit a transient machine-id on disk.
[[0;32m  OK  [0m] Started Update UTMP about System Boot/Shutdown.
[[0;32m  OK  [0m] Started ebtables ruleset management.
[[0;32m  OK  [0m] Found device /dev/ttyS0.
[[0;32m  OK  [0m] Listening on Load/Save RF Kill Switch Status /dev/rfkill Watch.
[[0;32m  OK  [0m] Started AppArmor initialization.
         Starting Initial cloud-init job (pre-networking)...
[    6.429110] cloud-init[546]: Cloud-init v. 19.4-33-gbb4131a2-0ubuntu1~18.04.1 running 'init-local' at Thu, 09 Apr 2020 23:38:45 +0000. Up 6.17 seconds.
[[0;32m  OK  [0m] Started Initial cloud-init job (pre-networking).
[[0;32m  OK  [0m] Reached target Network (Pre).
         Starting Network Service...
[[0;32m  OK  [0m] Started Network Service.
         Starting Network Name Resolution...
         Starting Wait for Network to be Configured...
[[0;32m  OK  [0m] Started Network Name Resolution.
[[0;32m  OK  [0m] Reached target Network.
[[0;32m  OK  [0m] Reached target Host and Network Name Lookups.
[[0;32m  OK  [0m] Started Wait for Network to be Configured.
         Starting Initial cloud-init job (metadata service crawler)...
[    8.324981] cloud-init[651]: Cloud-init v. 19.4-33-gbb4131a2-0ubuntu1~18.04.1 running 'init' at Thu, 09 Apr 2020 23:38:47 +0000. Up 8.21 seconds.
[    8.326020] cloud-init[651]: ci-info: +++++++++++++++++++++++++++++++++++++Net device info++++++++++++++++++++++++++++++++++++++
[    8.326920] cloud-init[651]: ci-info: +--------+-------+--------------------------+---------------+--------+-------------------+
[    8.328381] cloud-init[651]: ci-info: | Device |   Up  |         Address          |      Mask     | Scope  |     Hw-Address    |
[    8.330684] cloud-init[651]: ci-info: +--------+-------+--------------------------+---------------+--------+-------------------+
[    8.332342] cloud-init[651]: ci-info: | enp0s3 |  True |        10.0.2.15         | 255.255.255.0 | global | 02:43:0e:00:05:fc |
[    8.334429] cloud-init[651]: ci-info: | enp0s3 |  True | fe80::43:eff:fe00:5fc/64 |       .       |  link  | 02:43:0e:00:05:fc |
[    8.336065] cloud-init[651]: ci-info: | enp0s8 | False |            .             |       .       |   .    | 08:00:27:87:ae:31 |
[    8.337366] cloud-init[651]: ci-info: |   lo   |  True |        127.0.0.1         |   255.0.0.0   |  host  |         .         |
[    8.339148] cloud-init[651]: ci-info: |   lo   |  True |         ::1/128          |       .       |  host  |         .         |
[    8.342282] cloud-init[651]: ci-info: +--------+-------+--------------------------+---------------+--------+-------------------+
[    8.344319] cloud-init[651]: ci-info: ++++++++++++++++++++++++++++Route IPv4 info+++++++++++++++++++++++++++++
[    8.348004] cloud-init[651]: ci-info: +-------+-------------+----------+-----------------+-----------+-------+
[    8.350979] cloud-init[651]: ci-info: | Route | Destination | Gateway  |     Genmask     | Interface | Flags |
[    8.355364] cloud-init[651]: ci-info: +-------+-------------+----------+-----------------+-----------+-------+
[    8.355933] cloud-init[651]: ci-info: |   0   |   0.0.0.0   | 10.0.2.2 |     0.0.0.0     |   enp0s3  |   UG  |
[    8.368611] cloud-init[651]: ci-info: |   1   |   10.0.2.0  | 0.0.0.0  |  255.255.255.0  |   enp0s3  |   U   |
[    8.380658] cloud-init[651]: ci-info: |   2   |   10.0.2.2  | 0.0.0.0  | 255.255.255.255 |   enp0s3  |   UH  |
[    8.381457] cloud-init[651]: ci-info: +-------+-------------+----------+-----------------+-----------+-------+
[    8.382145] cloud-init[651]: ci-info: +++++++++++++++++++Route IPv6 info+++++++++++++++++++
[    8.392159] cloud-init[651]: ci-info: +-------+-------------+---------+-----------+-------+
[    8.404209] cloud-init[651]: ci-info: | Route | Destination | Gateway | Interface | Flags |
[    8.405423] cloud-init[651]: ci-info: +-------+-------------+---------+-----------+-------+
[    8.406933] cloud-init[651]: ci-info: |   1   |  fe80::/64  |    ::   |   enp0s3  |   U   |
[    8.409869] cloud-init[651]: ci-info: |   3   |    local    |    ::   |   enp0s3  |   U   |
[    8.420293] cloud-init[651]: ci-info: |   4   |   ff00::/8  |    ::   |   enp0s3  |   U   |
[    8.421914] cloud-init[651]: ci-info: +-------+-------------+---------+-----------+-------+
[    8.771121] cloud-init[651]: Generating public/private rsa key pair.
[    8.780459] cloud-init[651]: Your identification has been saved in /etc/ssh/ssh_host_rsa_key.
[    8.792699] cloud-init[651]: Your public key has been saved in /etc/ssh/ssh_host_rsa_key.pub.
[    8.806757] cloud-init[651]: The key fingerprint is:
[    8.807654] cloud-init[651]: SHA256:sqD7poIXRHOBVyD95dx6Kw34ZYz4ItYnWx30N/JB+uM root@ubuntu-bionic
[    8.808943] cloud-init[651]: The key's randomart image is:
[    8.812293] cloud-init[651]: +---[RSA 2048]----+
[    8.813054] cloud-init[651]: |  .oo+.          |
[    8.813856] cloud-init[651]: |  +.+   .        |
[    8.816126] cloud-init[651]: | . + . + ..   .  |
[    8.816970] cloud-init[651]: |  .   . o... o   |
[    8.820593] cloud-init[651]: | .  . .oS+. + +  |
[    8.821364] cloud-init[651]: |  .. .oo+.=. = o |
[    8.822151] cloud-init[651]: |. .. ..o.*..  +  |
[    8.823167] cloud-init[651]: |o ..+ +.= o  . . |
[[0;32m  OK  [0m] Started Initial cloud-init job (metadata service crawler).
[[0;32m  OK  [0m] Reached target Network is Online.
[    8.826668] [[0;32m  OK  [0m] Reached target Remote File Systems (Pre).
[[0;32m  OK  [0m] Reached target Remote File Systems.cloud-init[651]: | oo=...= .    E  |
[    8.828958] cloud-init[651]: +----[SHA256]-----+
[    8.829735] cloud-init[651]: Generating public/private dsa key pair.
[    8.830633] cloud-init[651]: Your identification has been saved in /etc/ssh/ssh_host_dsa_key.
[    8.831670] cloud-init[651]: 
         Starting Availability of block devices...
[[0;32m  OK  [0m] Reached target Cloud-config availability.
[[0;32m  OK  [0m] Reached target System Initialization.
[[0;32m  OK  [0m] Listening on D-Bus System Message Bus Socket.
Your public key has been saved in /etc/ssh/ssh_host_dsa_key.pub.
[    8.837035] cloud-init[651]: The key fingerprint is:
[    8.837784] cloud-init[651]: SHA256:eMixCz9N5BQUAU0eEBAFkoG3C+jKixKKqhWynLG0/Tg root@ubuntu-bionic
[    8.838926] cloud-init[651]: The key's randomart image is:
[    8.839695] cloud-init[651]: [[0;32m  OK  [0m] Listening on Open-iSCSI iscsid Socket.
[[0;32m  OK  [0m] Started Daily Cleanup of Temporary Directories.
[[0;32m  OK  [0m] Started ACPI Events Check.
[[0;32m  OK  [0m] Started Message of the Day.
[[0;32m  OK  [0m] Started Daily apt download activities.
[[0;32m  OK  [0m] Started Daily apt upgrade and clean activities.
[[0;32m  OK  [0m] Started Discard unused blocks once a week.
[[0;32m  OK  [0m] Listening on ACPID Listen Socket.+---[DSA 1024]----+
[    8.853208] cloud-init[651]: | .oo+==BBo       |
[    8.853979] cloud-init[651]: |. o.   ..o       |
[    8.854658] cloud-init[651]: |.. .  . +        |
[    8.855408] cloud-init[651]: |o .  . O         |

[[0;32m  OK  [0m] Reached target Timers.
         Starting LXD - unix socket.
         Starting Socket activation for snappy daemon.
[[0;32m  OK  [0m] Listening on UUID daemon activation socket.
[[0;32m  OK  [0m] Reached target Paths.
[[0;32m  OK  [0m] Started Availability of block devices.
[[0;32m  OK  [0m] Listening on LXD - unix socket.
[[0;32m  OK  [0m] Listening on Socket activation for snappy daemon.
[[0;32m  OK  [0m] Reached target Sockets.
[[0;32m  OK  [0m] Reached target Basic System.
[    8.869248] cloud-init[651]: |o+... = S        |
[    8.870163] cloud-init[651]: |++B. o =         |
[[0;32m  OK  [0m] Started Deferred execution scheduler.
         Starting Permit User Sessions...
[[0;32m  OK  [0m] Started FUSE filesystem for LXC.
         Starting Pollinate to seed the pseudo random number generator...
         Starting Accounts Service...
         Starting Dispatcher daemon for systemd-networkd...
[    8.871957] cloud-init[651]: |**..  + .        |
[    8.908160] cloud-init[651]: |*o Eo  .         |
         Starting LSB: automatic crash report generation...
[    8.923975] cloud-init[651]: |B.....           |
[    8.925887] cloud-init[651]: +----[SHA256]-----+
[    8.928066] cloud-init[651]: Generating public/private ecdsa key pair.
[    8.932109] cloud-init[651]: Your identification has been saved in /etc/ssh/ssh_host_ecdsa_key.
[    8.933023] cloud-init[651]: Your public key has been saved in /etc/ssh/ssh_host_ecdsa_key.pub.
[    8.944363] cloud-init[651]: The key fingerprint is:
[    8.945385] cloud-init[651]: SHA256:cdTDxKzC5wr80sK3Jo3W7I6YSsxWz7CRmqbZLVGVSfE root@ubuntu-bionic
[[0;32m  OK  [0m] Started irqbalance daemon.
[    8.959452]          Starting Virtualbox guest utils...
         Starting LSB: Record successful boot for GRUB...
cloud-init[651]: The key's randomart image is:
[[0;32m  OK  [0m] Started D-Bus System Message Bus.
[    8.968172] cloud-init[651]: +---[ECDSA 256]---+
[    8.968521] cloud-init[651]: |     .o+  .*.    |
[    8.970255] cloud-init[651]: |      +. .  *    |
[    8.970827] cloud-init[651]: |     . .E .. .   |
[    8.971381] cloud-init[651]: |    ..  ooo      |
[    8.972382] cloud-init[651]: |   .=.  S+       |
[    8.984156] cloud-init[651]: | o.+ *o   .      |
[    8.984682] cloud-init[651]: |  O...oO .       |
[    8.985092] cloud-init[651]: | B.. oB.X        |
         [    9.005701] cloud-init[651]: |o oo+..O+.       |
[    9.005849] cloud-init[651]: +----[SHA256]-----+
[    9.005996] cloud-init[651]: Generating public/private ed25519 key pair.
[    9.006085] cloud-init[651]: Your identification has been saved in /etc/ssh/ssh_host_ed25519_key.
[    9.006176] cloud-init[651]: Your public key has been saved in /etc/ssh/ssh_host_ed25519_key.pub.
[    9.006319] cloud-init[651]: The key fingerprint is:
[    9.006408] cloud-init[651]: SHA256:GcOjheRrwbJ13swWm038v9fZRLzNJACVqT0XxEYMXLE root@ubuntu-bionic
[    9.006547] cloud-init[651]: The key's randomart image is:
Starting System Logging Service...
[    9.025917] cloud-init[651]: +--[ED25519 256]--+
[    9.026433] cloud-init[651]: |      .   .+oX=. |
[    9.032771] cloud-init[651]: |     + o   .= =. |
[    9.033837] cloud-init[651]: |    . * B .oooEo |
         Starting Snappy daemon...
         Starting LXD - container startup/shutdown...
[    9.052611] cloud-init[651]: |     + B O.*o.o +|
[    9.076626] cloud-init[651]: |    . + S B .o.=o|
[    9.088155] cloud-init[651]: |     .   .     o+|
[    9.088689] cloud-init[651]: |               .=|
[    9.089016] cloud-init[651]: |               .=|
[    9.090435] cloud-init[651]: |               ..|
[    9.093305] cloud-init[651]: +----[SHA256]-----+
[[0;32m  OK  [0m] Started Regular background program processing daemon.
         Starting Login Service...
[[0;32m  OK  [0m] Started System Logging Service.
[[0;32m  OK  [0m] Started Permit User Sessions.
[[0;32m  OK  [0m] Started LXD - container startup/shutdown.
[[0;32m  OK  [0m] Started Login Service.
[[0;32m  OK  [0m] Started Unattended Upgrades Shutdown.
         Starting Authorization Manager...
         Starting Hold until boot process finishes up...
         Starting Terminate Plymouth Boot Screen...
[[0;32m  OK  [0m] Started Hold until boot process finishes up.
         Starting Set console scheme...
[[0;32m  OK  [0m] Started Serial Getty on ttyS0.
[[0;32m  OK  [0m] Started Terminate Plymouth Boot Screen.
[[0;32m  OK  [0m] Started Authorization Manager.
[[0;32m  OK  [0m] Started Accounts Service.
[[0;32m  OK  [0m] Started LSB: automatic crash report generation.
[[0;32m  OK  [0m] Started Set console scheme.
[[0;32m  OK  [0m] Created slice system-getty.slice.
[[0;32m  OK  [0m] Started Getty on tty1.
[[0;32m  OK  [0m] Reached target Login Prompts.
[[0;32m  OK  [0m] Started LSB: Record successful boot for GRUB.
[[0;32m  OK  [0m] Started Virtualbox guest utils.
[[0;32m  OK  [0m] Started Dispatcher daemon for systemd-networkd.
[[0;32m  OK  [0m] Started Snappy daemon.
         Starting Wait until snapd is fully seeded...
[[0;32m  OK  [0m] Started Pollinate to seed the pseudo random number generator.
         Starting OpenBSD Secure Shell server...
[[0;32m  OK  [0m] Started OpenBSD Secure Shell server.
[[0;32m  OK  [0m] Started Wait until snapd is fully seeded.
[[0;32m  OK  [0m] Reached target Multi-User System.
[[0;32m  OK  [0m] Reached target Graphical Interface.
         Starting Update UTMP about System Runlevel Changes...
         Starting Apply the settings specified in cloud-config...
[[0;32m  OK  [0m] Started Update UTMP about System Runlevel Changes.
[   11.831626] cloud-init[1000]: Cloud-init v. 19.4-33-gbb4131a2-0ubuntu1~18.04.1 running 'modules:config' at Thu, 09 Apr 2020 23:38:50 +0000. Up 11.58 seconds.
[[0;32m  OK  [0m] Started Apply the settings specified in cloud-config.
         Starting Execute cloud user/final scripts...
ci-info: no authorized SSH keys fingerprints found for user ubuntu.
<14>Apr  9 23:38:51 ec2: 
<14>Apr  9 23:38:51 ec2: #############################################################
<14>Apr  9 23:38:51 ec2: -----BEGIN SSH HOST KEY FINGERPRINTS-----
<14>Apr  9 23:38:51 ec2: 1024 SHA256:eMixCz9N5BQUAU0eEBAFkoG3C+jKixKKqhWynLG0/Tg root@ubuntu-bionic (DSA)
<14>Apr  9 23:38:51 ec2: 256 SHA256:cdTDxKzC5wr80sK3Jo3W7I6YSsxWz7CRmqbZLVGVSfE root@ubuntu-bionic (ECDSA)
<14>Apr  9 23:38:51 ec2: 256 SHA256:GcOjheRrwbJ13swWm038v9fZRLzNJACVqT0XxEYMXLE root@ubuntu-bionic (ED25519)
<14>Apr  9 23:38:51 ec2: 2048 SHA256:sqD7poIXRHOBVyD95dx6Kw34ZYz4ItYnWx30N/JB+uM root@ubuntu-bionic (RSA)
<14>Apr  9 23:38:51 ec2: -----END SSH HOST KEY FINGERPRINTS-----
<14>Apr  9 23:38:51 ec2: #############################################################
-----BEGIN SSH HOST KEY KEYS-----
ecdsa-sha2-nistp256 AAAAE2VjZHNhLXNoYTItbmlzdHAyNTYAAAAIbmlzdHAyNTYAAABBBGvHNHBfUWzlWmMmRGdS9CvOnQZqKwnfx+uUsv1WMu3ZDTOQzTCUShPUoguAgTsRPLfGPYGHS/fb/IMuktteh4Q= root@ubuntu-bionic
ssh-ed25519 AAAAC3NzaC1lZDI1NTE5AAAAIOCkB3eMgHyh3ow8dIp91wzhv7lp6NvjunhFE1XR2+G1 root@ubuntu-bionic
ssh-rsa AAAAB3NzaC1yc2EAAAADAQABAAABAQDQqSwh5lX72BBxYSPP16vS5cV4lAlcGKFhHaMDLoveXNOwrlOYbLmNgq0scFco5CpA4Kq8QVjcXvyaBaRSaP58af6w8OY0csq5+N8pEwEdr+kTDeqnZ3Zz+4rIo8p/mLL2gO6Ij/tsRjbSCQESpIglc4vYBAbBP3A2M2inNkC0IYp4YJ8A+lhgVWJwaXwKJ4UN6zcy2+DHpC6WCnfdqEBxOlxx7U3D9/GNA7hHrXPGZAbuKIrnl13PbVSj3h2iebWM6XA4KiF4DO+cR1VPWBW7B6TGd/nl6aKsz2JKNvln7t0BzwG73cS5wHuVV1lYx8YKWs69lNlepHxRlcIFzT5n root@ubuntu-bionic
-----END SSH HOST KEY KEYS-----
[   12.259354] cloud-init[1033]: Cloud-init v. 19.4-33-gbb4131a2-0ubuntu1~18.04.1 running 'modules:final' at Thu, 09 Apr 2020 23:38:51 +0000. Up 12.13 seconds.
[   12.272475] cloud-init[1033]: ci-info: no authorized SSH keys fingerprints found for user ubuntu.
[   12.292597] cloud-init[1033]: Cloud-init v. 19.4-33-gbb4131a2-0ubuntu1~18.04.1 finished at Thu, 09 Apr 2020 23:38:51 +0000. Datasource DataSourceNoCloud [seed=/dev/sdb][dsmode=net].  Up 12.25 seconds
[[0;32m  OK  [0m] Started Execute cloud user/final scripts.
[[0;32m  OK  [0m] Reached target Cloud-init target.

Ubuntu 18.04.4 LTS ubuntu-bionic ttyS0

ubuntu-bionic login: 